2025-06-30 16:48:01.850  INFO 36912 --- [restartedMain] edual.auth.AuthApplication               : Starting AuthApplication using Java 17.0.11 on DESKTOP-8DQQM5F with PID 36912 (D:\proyectos\templates\auth\target\classes started by dtic in D:\proyectos\templates\auth)
2025-06-30 16:48:01.852  INFO 36912 --- [restartedMain] edual.auth.AuthApplication               : No active profile set, falling back to 1 default profile: "default"
2025-06-30 16:48:01.900  INFO 36912 --- [restartedMain] o.s.b.devtools.restart.ChangeableUrls    : The Class-Path manifest attribute in C:\Users\dtic\.m2\repository\com\oracle\database\jdbc\ojdbc11\21.5.0.0\ojdbc11-21.5.0.0.jar referenced one or more files that do not exist: file:/C:/Users/dtic/.m2/repository/com/oracle/database/jdbc/ojdbc11/21.5.0.0/oraclepki.jar
2025-06-30 16:48:01.901  INFO 36912 --- [restartedMain] .e.DevToolsPropertyDefaultsPostProcessor : Devtools property defaults active! Set 'spring.devtools.add-properties' to 'false' to disable
2025-06-30 16:48:01.901  INFO 36912 --- [restartedMain] .e.DevToolsPropertyDefaultsPostProcessor : For additional web related logging consider setting the 'logging.level.web' property to 'DEBUG'
2025-06-30 16:48:02.411  INFO 36912 --- [restartedMain] .s.d.r.c.RepositoryConfigurationDelegate : Bootstrapping Spring Data JPA repositories in DEFAULT mode.
2025-06-30 16:48:02.423  INFO 36912 --- [restartedMain] .s.d.r.c.RepositoryConfigurationDelegate : Finished Spring Data repository scanning in 5 ms. Found 0 JPA repository interfaces.
2025-06-30 16:48:03.199  INFO 36912 --- [restartedMain] o.s.b.w.embedded.tomcat.TomcatWebServer  : Tomcat initialized with port(s): 8087 (http)
2025-06-30 16:48:03.218  INFO 36912 --- [restartedMain] o.apache.catalina.core.StandardService   : Starting service [Tomcat]
2025-06-30 16:48:03.220  INFO 36912 --- [restartedMain] org.apache.catalina.core.StandardEngine  : Starting Servlet engine: [Apache Tomcat/9.0.83]
2025-06-30 16:48:03.306  INFO 36912 --- [restartedMain] o.a.c.c.C.[Tomcat].[localhost].[/auth]   : Initializing Spring embedded WebApplicationContext
2025-06-30 16:48:03.306  INFO 36912 --- [restartedMain] w.s.c.ServletWebServerApplicationContext : Root WebApplicationContext: initialization completed in 1404 ms
2025-06-30 16:48:03.615  INFO 36912 --- [restartedMain] o.hibernate.jpa.internal.util.LogHelper  : HHH000204: Processing PersistenceUnitInfo [name: default]
2025-06-30 16:48:03.709  INFO 36912 --- [restartedMain] org.hibernate.Version                    : HHH000412: Hibernate ORM core version 5.6.15.Final
2025-06-30 16:48:03.874  INFO 36912 --- [restartedMain] o.hibernate.annotations.common.Version   : HCANN000001: Hibernate Commons Annotations {5.1.2.Final}
2025-06-30 16:48:03.956  INFO 36912 --- [restartedMain] com.zaxxer.hikari.HikariDataSource       : HikariPool-1 - Starting...
2025-06-30 16:48:04.318  INFO 36912 --- [restartedMain] com.zaxxer.hikari.HikariDataSource       : HikariPool-1 - Start completed.
2025-06-30 16:48:04.331  INFO 36912 --- [restartedMain] org.hibernate.dialect.Dialect            : HHH000400: Using dialect: org.hibernate.dialect.Oracle12cDialect
2025-06-30 16:48:05.063  INFO 36912 --- [restartedMain] o.h.e.t.j.p.i.JtaPlatformInitiator       : HHH000490: Using JtaPlatform implementation: [org.hibernate.engine.transaction.jta.platform.internal.NoJtaPlatform]
2025-06-30 16:48:05.071  INFO 36912 --- [restartedMain] j.LocalContainerEntityManagerFactoryBean : Initialized JPA EntityManagerFactory for persistence unit 'default'
2025-06-30 16:48:05.114  WARN 36912 --- [restartedMain] JpaBaseConfiguration$JpaWebConfiguration : spring.jpa.open-in-view is enabled by default. Therefore, database queries may be performed during view rendering. Explicitly configure spring.jpa.open-in-view to disable this warning
2025-06-30 16:48:05.457  WARN 36912 --- [restartedMain] o.s.b.d.a.OptionalLiveReloadServer       : Unable to start LiveReload server
2025-06-30 16:48:05.486  WARN 36912 --- [restartedMain] ConfigServletWebServerApplicationContext : Exception encountered during context initialization - cancelling refresh attempt: org.springframework.context.ApplicationContextException: Failed to start bean 'webServerStartStop'; nested exception is org.springframework.boot.web.server.PortInUseException: Port 8087 is already in use
2025-06-30 16:48:05.491  INFO 36912 --- [restartedMain] j.LocalContainerEntityManagerFactoryBean : Closing JPA EntityManagerFactory for persistence unit 'default'
2025-06-30 16:48:05.498  INFO 36912 --- [restartedMain] com.zaxxer.hikari.HikariDataSource       : HikariPool-1 - Shutdown initiated...
2025-06-30 16:48:05.522  INFO 36912 --- [restartedMain] com.zaxxer.hikari.HikariDataSource       : HikariPool-1 - Shutdown completed.
2025-06-30 16:48:05.525  INFO 36912 --- [restartedMain] o.apache.catalina.core.StandardService   : Stopping service [Tomcat]
2025-06-30 16:48:05.539  INFO 36912 --- [restartedMain] ConditionEvaluationReportLoggingListener : 

Error starting ApplicationContext. To display the conditions report re-run your application with 'debug' enabled.
2025-06-30 16:48:05.576 ERROR 36912 --- [restartedMain] o.s.b.d.LoggingFailureAnalysisReporter   : 

***************************
APPLICATION FAILED TO START
***************************

Description:

Web server failed to start. Port 8087 was already in use.

Action:

Identify and stop the process that's listening on port 8087 or configure this application to listen on another port.

